OCRTest/build/outputs/logs/manifest-merger-debug-report.txt
-- Merging decision tree log ---
manifest
ADDED from src/main/AndroidManifest.xml:19:1-72:12
	package
		ADDED from src/main/AndroidManifest.xml:20:11-43
		INJECTED from src/main/AndroidManifest.xml
		INJECTED from src/main/AndroidManifest.xml
	android:versionName
		ADDED from src/main/AndroidManifest.xml:23:11-39
		INJECTED from src/main/AndroidManifest.xml
		INJECTED from src/main/AndroidManifest.xml
	android:versionCode
		ADDED from src/main/AndroidManifest.xml:22:11-35
		INJECTED from src/main/AndroidManifest.xml
		INJECTED from src/main/AndroidManifest.xml
	xmlns:android
		ADDED from src/main/AndroidManifest.xml:19:11-69
	android:installLocation
		ADDED from src/main/AndroidManifest.xml:21:11-51
uses-sdk
ADDED from src/main/AndroidManifest.xml:26:5-28:40
MERGED from [com.rmtheis:tess-two:6.0.4] AndroidManifest.xml:22:5-24:41
	android:targetSdkVersion
		ADDED from src/main/AndroidManifest.xml:28:9-38
		INJECTED from src/main/AndroidManifest.xml
		INJECTED from src/main/AndroidManifest.xml
	android:minSdkVersion
		ADDED from src/main/AndroidManifest.xml:27:9-34
		INJECTED from src/main/AndroidManifest.xml
		INJECTED from src/main/AndroidManifest.xml
supports-screens
ADDED from src/main/AndroidManifest.xml:29:5-33:39
	android:largeScreens
		ADDED from src/main/AndroidManifest.xml:30:9-36
	android:smallScreens
		ADDED from src/main/AndroidManifest.xml:32:9-36
	android:normalScreens
		ADDED from src/main/AndroidManifest.xml:31:9-37
	android:xlargeScreens
		ADDED from src/main/AndroidManifest.xml:33:9-37
uses-feature#android.hardware.camera.autofocus
ADDED from src/main/AndroidManifest.xml:35:5-69
	android:name
		ADDED from src/main/AndroidManifest.xml:35:19-67
uses-feature#android.hardware.camera.flash
ADDED from src/main/AndroidManifest.xml:36:5-38:35
	android:required
		ADDED from src/main/AndroidManifest.xml:38:9-33
	android:name
		ADDED from src/main/AndroidManifest.xml:37:9-53
uses-feature#android.hardware.camera
ADDED from src/main/AndroidManifest.xml:39:5-59
	android:name
		ADDED from src/main/AndroidManifest.xml:39:19-57
uses-feature#android.hardware.screen.landscape
ADDED from src/main/AndroidManifest.xml:40:5-69
	android:name
		ADDED from src/main/AndroidManifest.xml:40:19-67
application
ADDED from src/main/AndroidManifest.xml:42:5-67:19
	android:label
		ADDED from src/main/AndroidManifest.xml:44:9-41
	android:icon
		ADDED from src/main/AndroidManifest.xml:43:9-38
activity#edu.sfsu.cs.orange.ocr.CaptureActivity
ADDED from src/main/AndroidManifest.xml:45:9-56:20
	android:screenOrientation
		ADDED from src/main/AndroidManifest.xml:48:13-50
	android:windowSoftInputMode
		ADDED from src/main/AndroidManifest.xml:50:13-60
	android:configChanges
		ADDED from src/main/AndroidManifest.xml:47:13-74
	android:theme
		ADDED from src/main/AndroidManifest.xml:49:13-71
	android:name
		ADDED from src/main/AndroidManifest.xml:46:13-44
intent-filter#android.intent.action.MAIN+android.intent.category.LAUNCHER
ADDED from src/main/AndroidManifest.xml:52:13-55:29
action#android.intent.action.MAIN
ADDED from src/main/AndroidManifest.xml:53:17-68
	android:name
		ADDED from src/main/AndroidManifest.xml:53:25-66
category#android.intent.category.LAUNCHER
ADDED from src/main/AndroidManifest.xml:54:17-76
	android:name
		ADDED from src/main/AndroidManifest.xml:54:27-74
activity#edu.sfsu.cs.orange.ocr.HelpActivity
ADDED from src/main/AndroidManifest.xml:57:9-64:20
	android:screenOrientation
		ADDED from src/main/AndroidManifest.xml:59:13-45
	android:name
		ADDED from src/main/AndroidManifest.xml:58:13-41
intent-filter#android.intent.action.VIEW+android.intent.category.DEFAULT
ADDED from src/main/AndroidManifest.xml:60:13-63:29
action#android.intent.action.VIEW
ADDED from src/main/AndroidManifest.xml:61:17-68
	android:name
		ADDED from src/main/AndroidManifest.xml:61:25-66
category#android.intent.category.DEFAULT
ADDED from src/main/AndroidManifest.xml:62:17-75
	android:name
		ADDED from src/main/AndroidManifest.xml:62:27-73
activity#edu.sfsu.cs.orange.ocr.PreferencesActivity
ADDED from src/main/AndroidManifest.xml:66:9-56
	android:name
		ADDED from src/main/AndroidManifest.xml:66:19-54
uses-permission#android.permission.CAMERA
ADDED from src/main/AndroidManifest.xml:69:5-64
	android:name
		ADDED from src/main/AndroidManifest.xml:69:22-62
uses-permission#android.permission.INTERNET
ADDED from src/main/AndroidManifest.xml:70:5-66
	android:name
		ADDED from src/main/AndroidManifest.xml:70:22-64
uses-permission#android.permission.WRITE_EXTERNAL_STORAGE
ADDED from src/main/AndroidManifest.xml:71:5-80
	android:name
		ADDED from src/main/AndroidManifest.xml:71:22-78